<?xml version="1.0" encoding="UTF-8"?>
<testsuite name="PersonTest" tests="3" skipped="0" failures="0" errors="0" timestamp="2017-07-21T20:06:34" hostname="MOISES-CORREA" time="0.001">
  <properties/>
  <testcase name="testIsAdult1" classname="PersonTest" time="0.001"/>
  <testcase name="testIsAdult2" classname="PersonTest" time="0.0"/>
  <testcase name="testIsAdult3" classname="PersonTest" time="0.0"/>
  <system-out><![CDATA[]]></system-out>
  <system-err><![CDATA[]]></system-err>
</testsuite>
